<?xml version="1.0" encoding="UTF-8"?>
<testng-results ignored="0" total="2" passed="2" failed="0" skipped="0">
  <reporter-output>
  </reporter-output>
  <suite started-at="2024-08-28T14:58:10 AEST" name="Default suite" finished-at="2024-08-28T14:58:15 AEST" duration-ms="5462">
    <groups>
    </groups>
    <test started-at="2024-08-28T14:58:10 AEST" name="Default test" finished-at="2024-08-28T14:58:15 AEST" duration-ms="5462">
      <class name="IntegrateAPIwithFCTG">
        <test-method signature="verifyGetMethod()[pri:1, instance:IntegrateAPIwithFCTG@2e6a8155]" started-at="2024-08-28T14:58:10 AEST" name="verifyGetMethod" finished-at="2024-08-28T14:58:15 AEST" duration-ms="5287" status="PASS">
          <reporter-output>
          </reporter-output>
        </test-method> <!-- verifyGetMethod -->
        <test-method signature="verifyResBody()[pri:2, instance:IntegrateAPIwithFCTG@2e6a8155]" started-at="2024-08-28T14:58:15 AEST" name="verifyResBody" finished-at="2024-08-28T14:58:15 AEST" duration-ms="74" status="PASS">
          <reporter-output>
          </reporter-output>
        </test-method> <!-- verifyResBody -->
      </class> <!-- IntegrateAPIwithFCTG -->
    </test> <!-- Default test -->
  </suite> <!-- Default suite -->
</testng-results>
