<?xml version="1.0" encoding="UTF-8"?>
<testng-results ignored="0" total="1" passed="1" failed="0" skipped="0">
  <reporter-output>
  </reporter-output>
  <suite started-at="2024-08-27T17:25:05 AEST" name="Default suite" finished-at="2024-08-27T17:25:08 AEST" duration-ms="2629">
    <groups>
    </groups>
    <test started-at="2024-08-27T17:25:05 AEST" name="Default test" finished-at="2024-08-27T17:25:08 AEST" duration-ms="2629">
      <class name="IntegrateAPIwithFCTG">
        <test-method signature="verifyGetMethod()[pri:0, instance:IntegrateAPIwithFCTG@51c668e3]" started-at="2024-08-27T17:25:05 AEST" name="verifyGetMethod" finished-at="2024-08-27T17:25:08 AEST" duration-ms="2569" status="PASS">
          <reporter-output>
          </reporter-output>
        </test-method> <!-- verifyGetMethod -->
      </class> <!-- IntegrateAPIwithFCTG -->
    </test> <!-- Default test -->
  </suite> <!-- Default suite -->
</testng-results>
